2018-03-29 22:07:01,000 ERROR c.s.g.s.CipherTextInfo [main] Encrypt Code is :dvVRhbMqOioiilM+H+WJDw==
2018-03-29 22:07:01,268 ERROR c.s.g.s.CipherTextInfo [main] Decryption Code is :badam123
2018-03-29 22:28:20,992 ERROR c.s.g.s.CipherTextInfo [main] Encrypt Code is :dvVRhbMqOioiilM+H+WJDw==
2018-03-29 22:28:21,252 ERROR c.s.g.s.CipherTextInfo [main] Decryption Code is :badam123
2018-03-29 22:28:51,839 ERROR c.s.g.s.CipherTextInfo [main] Encrypt Code is :dvVRhbMqOioiilM+H+WJDw==
2018-03-29 22:28:52,104 ERROR c.s.g.s.CipherTextInfo [main] Decryption Code is :badam123
2018-03-29 22:31:07,211 ERROR c.s.g.s.CipherTextInfo [main] Encrypt Code is :dvVRhbMqOioiilM+H+WJDw==
2018-03-29 22:31:07,485 ERROR c.s.g.s.CipherTextInfo [main] Decryption Code is :badam123
2018-03-29 22:34:23,371 ERROR c.s.g.s.CipherTextInfo [main] Encrypt Code is :dvVRhbMqOioiilM+H+WJDw==
2018-03-29 22:34:23,714 ERROR c.s.g.s.CipherTextInfo [main] Decryption Code is :badam123
2018-03-29 22:47:15,910 ERROR c.s.g.s.CipherTextInfo [main] Encrypt Code is :dvVRhbMqOioiilM+H+WJDw==
2018-03-29 22:47:16,172 ERROR c.s.g.s.CipherTextInfo [main] Decryption Code is :badam123
2018-03-29 22:48:58,627 ERROR c.s.g.s.CipherTextInfo [main] Encrypt Code is :dvVRhbMqOioiilM+H+WJDw==
2018-03-29 22:48:59,114 ERROR c.s.g.s.CipherTextInfo [main] Decryption Code is :badam123
2018-03-29 22:49:30,057 ERROR c.s.g.s.CipherTextInfo [main] Encrypt Code is :dvVRhbMqOioiilM+H+WJDw==
2018-03-29 22:49:30,330 ERROR c.s.g.s.CipherTextInfo [main] Decryption Code is :badam123
2018-03-29 22:49:51,777 ERROR c.s.g.s.CipherTextInfo [main] Encrypt Code is :dvVRhbMqOioiilM+H+WJDw==
2018-03-29 22:49:52,115 ERROR c.s.g.s.CipherTextInfo [main] Decryption Code is :badam123
2018-03-29 22:50:53,372 ERROR c.s.g.s.CipherTextInfo [main] Encrypt Code is :dvVRhbMqOioiilM+H+WJDw==
2018-03-29 22:50:53,646 ERROR c.s.g.s.CipherTextInfo [main] Decryption Code is :badam123
2018-03-29 22:51:36,491 ERROR c.s.g.s.CipherTextInfo [main] Encrypt Code is :dvVRhbMqOioiilM+H+WJDw==
2018-03-29 22:51:36,752 ERROR c.s.g.s.CipherTextInfo [main] Decryption Code is :badam123
2018-03-29 22:57:33,373 ERROR c.s.g.s.CipherTextInfo [main] Encrypt Code is :dvVRhbMqOioiilM+H+WJDw==
2018-03-29 22:57:33,648 ERROR c.s.g.s.CipherTextInfo [main] Decryption Code is :badam123
2018-03-29 23:02:01,364 ERROR c.s.g.s.CipherTextInfo [main] Encrypt Code is :dvVRhbMqOioiilM+H+WJDw==
2018-03-29 23:02:02,132 ERROR c.s.g.s.CipherTextInfo [main] Decryption Code is :badam123
2018-03-29 23:06:23,108 ERROR c.s.g.s.CipherTextInfo [main] Encrypt Code is :dvVRhbMqOioiilM+H+WJDw==
2018-03-29 23:06:23,661 ERROR c.s.g.s.CipherTextInfo [main] Decryption Code is :badam123
2018-03-29 23:07:16,807 ERROR c.s.g.s.CipherTextInfo [main] Encrypt Code is :dvVRhbMqOioiilM+H+WJDw==
2018-03-29 23:07:17,108 ERROR c.s.g.s.CipherTextInfo [main] Decryption Code is :badam123
2018-03-30 11:10:47,699 ERROR c.s.g.s.CipherTextInfo [Test worker] Unable to decrypt given input data: 
2018-03-30 11:24:33,355 ERROR c.s.g.s.CipherTextInfo [Test worker] Unable to decrypt given input data: 
2018-03-30 11:28:50,868 ERROR c.s.g.e.EmailService [main] Unable to send email :535-5.7.8 Username and Password not accepted. Learn more at
535 5.7.8  https://support.google.com/mail/?p=BadCredentials z28sm12033505pgc.15 - gsmtp

2018-03-30 11:29:47,300 ERROR c.s.g.e.EmailService [main] Unable to send email :535-5.7.8 Username and Password not accepted. Learn more at
535 5.7.8  https://support.google.com/mail/?p=BadCredentials w26sm423221pfi.17 - gsmtp

2018-03-30 11:32:27,541 ERROR c.s.g.s.CipherTextInfo [Test worker] Unable to decrypt given input data: 
2018-03-30 11:34:39,669 ERROR c.s.g.s.CipherTextInfo [Test worker] Unable to decrypt given input data: 
2018-03-30 11:45:53,004 ERROR c.s.g.e.EmailService [Test worker] Unable to send email :IOException while sending message
2018-03-30 11:45:58,098 ERROR c.s.g.s.CipherTextInfo [Test worker] Unable to decrypt given input data: 
2018-03-30 11:46:49,409 ERROR c.s.g.s.CipherTextInfo [Test worker] Unable to decrypt given input data: 
2018-03-30 11:48:32,085 ERROR c.s.g.e.EmailService [Test worker] Unable to send email :IOException while sending message
2018-03-30 11:48:37,323 ERROR c.s.g.s.CipherTextInfo [Test worker] Unable to decrypt given input data: 
2018-03-30 11:49:55,487 ERROR c.s.g.s.CipherTextInfo [Test worker] Unable to decrypt given input data: 
2018-03-30 11:53:53,870 ERROR c.s.g.s.CipherTextInfo [Test worker] Unable to decrypt given input data: 
